
                  oo
                 oooo
                oooooo
               oooooooo
              oooooooooo
             oooooooooooo
           ooooooo  ooooooo
          oooooo     ooooooo
         oooooo       ooooooo
        oooooo   o  o   oooooo
       oooooo   oo  oo   oooooo
     ooooooo  oooo  oooo  ooooooo
    oooooo   ooooo  ooooo  ooooooo
   oooooo   oooooo  oooooo  ooooooo
  oooooooo      oo  oo      oooooooo
  ooooooooooooo oo  oo ooooooooooooo
      oooooooooooo  oooooooooooo
          oooooooo  oooooooo
              oooo  oooo

     ________ ____  _  _____ _   _
    |__  /_ _|  _ \| |/ /_ _| \ | |
      / / | || |_) | ' / | ||  \| |
     / /_ | ||  __/| . \ | || |\  |
    |____|___|_|   |_|\_\___|_| \_|

:: version 2.21.5 :: commit 7f4f274 ::

2020-07-25 20:00:14.887  INFO 68701 --- [           main] z.s.ZipkinServer                         : Starting ZipkinServer on vostro-popos with PID 68701 (/home/drugo/Projects/distributed-tracing-demo/zipkin/zipkin-server-2.21.5-exec.jar started by drugo in /home/drugo/Projects/distributed-tracing-demo/scripts)
2020-07-25 20:00:14.901  INFO 68701 --- [           main] z.s.ZipkinServer                         : The following profiles are active: shared
2020-07-25 20:00:18.425  INFO 68701 --- [           main] c.l.a.c.u.SystemInfo                     : hostname: vostro-popos (from /proc/sys/kernel/hostname)
2020-07-25 20:00:19.255  INFO 68701 --- [oss-http-*:9411] c.l.a.s.Server                           : Serving HTTP at /0:0:0:0:0:0:0:0%0:9411 - http://127.0.0.1:9411/
2020-07-25 20:00:19.258  INFO 68701 --- [           main] c.l.a.s.ArmeriaAutoConfiguration         : Armeria server started at ports: {/0:0:0:0:0:0:0:0%0:9411=ServerPort(/0:0:0:0:0:0:0:0%0:9411, [http])}
2020-07-25 20:00:19.293  INFO 68701 --- [           main] z.s.ZipkinServer                         : Started ZipkinServer in 7.608 seconds (JVM running for 9.707)
2020-07-25 20:00:21.046  INFO 68701 --- [orker-epoll-2-2] c.l.a.i.c.JavaVersionSpecific            : Using the APIs optimized for: Java 9+

                  oo
                 oooo
                oooooo
               oooooooo
              oooooooooo
             oooooooooooo
           ooooooo  ooooooo
          oooooo     ooooooo
         oooooo       ooooooo
        oooooo   o  o   oooooo
       oooooo   oo  oo   oooooo
     ooooooo  oooo  oooo  ooooooo
    oooooo   ooooo  ooooo  ooooooo
   oooooo   oooooo  oooooo  ooooooo
  oooooooo      oo  oo      oooooooo
  ooooooooooooo oo  oo ooooooooooooo
      oooooooooooo  oooooooooooo
          oooooooo  oooooooo
              oooo  oooo

     ________ ____  _  _____ _   _
    |__  /_ _|  _ \| |/ /_ _| \ | |
      / / | || |_) | ' / | ||  \| |
     / /_ | ||  __/| . \ | || |\  |
    |____|___|_|   |_|\_\___|_| \_|

:: version 2.21.5 :: commit 7f4f274 ::

2020-07-25 21:36:34.271  INFO 100459 --- [           main] z.s.ZipkinServer                         : Starting ZipkinServer on vostro-popos with PID 100459 (/home/drugo/Projects/distributed-tracing-demo/zipkin/zipkin-server-2.21.5-exec.jar started by drugo in /home/drugo/Projects/distributed-tracing-demo/scripts)
2020-07-25 21:36:34.275  INFO 100459 --- [           main] z.s.ZipkinServer                         : The following profiles are active: shared
2020-07-25 21:36:35.347  INFO 100459 --- [           main] c.l.a.c.u.SystemInfo                     : hostname: vostro-popos (from /proc/sys/kernel/hostname)
2020-07-25 21:36:37.777  WARN 100459 --- [           main] s.c.a.AnnotationConfigApplicationContext : Exception encountered during context initialization - cancelling refresh attempt: org.springframework.beans.factory.BeanCreationException: Error creating bean with name 'armeriaServer' defined in com.linecorp.armeria.spring.ArmeriaAutoConfiguration: Bean instantiation via factory method failed; nested exception is org.springframework.beans.BeanInstantiationException: Failed to instantiate [com.linecorp.armeria.server.Server]: Factory method 'armeriaServer' threw exception; nested exception is java.util.concurrent.CompletionException: java.lang.IllegalStateException: Armeria server failed to start
2020-07-25 21:36:37.782  INFO 100459 --- [           main] ConditionEvaluationReportLoggingListener : 

Error starting ApplicationContext. To display the conditions report re-run your application with 'debug' enabled.
2020-07-25 21:36:37.784 ERROR 100459 --- [           main] o.s.b.SpringApplication                  : Application run failed

org.springframework.beans.factory.BeanCreationException: Error creating bean with name 'armeriaServer' defined in com.linecorp.armeria.spring.ArmeriaAutoConfiguration: Bean instantiation via factory method failed; nested exception is org.springframework.beans.BeanInstantiationException: Failed to instantiate [com.linecorp.armeria.server.Server]: Factory method 'armeriaServer' threw exception; nested exception is java.util.concurrent.CompletionException: java.lang.IllegalStateException: Armeria server failed to start
	at org.springframework.beans.factory.support.ConstructorResolver.instantiate(ConstructorResolver.java:655) ~[spring-beans-5.2.7.RELEASE.jar!/:5.2.7.RELEASE]
	at org.springframework.beans.factory.support.ConstructorResolver.instantiateUsingFactoryMethod(ConstructorResolver.java:635) ~[spring-beans-5.2.7.RELEASE.jar!/:5.2.7.RELEASE]
	at org.springframework.beans.factory.support.AbstractAutowireCapableBeanFactory.instantiateUsingFactoryMethod(AbstractAutowireCapableBeanFactory.java:1338) ~[spring-beans-5.2.7.RELEASE.jar!/:5.2.7.RELEASE]
	at org.springframework.beans.factory.support.AbstractAutowireCapableBeanFactory.createBeanInstance(AbstractAutowireCapableBeanFactory.java:1177) ~[spring-beans-5.2.7.RELEASE.jar!/:5.2.7.RELEASE]
	at org.springframework.beans.factory.support.AbstractAutowireCapableBeanFactory.doCreateBean(AbstractAutowireCapableBeanFactory.java:557) ~[spring-beans-5.2.7.RELEASE.jar!/:5.2.7.RELEASE]
	at org.springframework.beans.factory.support.AbstractAutowireCapableBeanFactory.createBean(AbstractAutowireCapableBeanFactory.java:517) ~[spring-beans-5.2.7.RELEASE.jar!/:5.2.7.RELEASE]
	at org.springframework.beans.factory.support.AbstractBeanFactory.lambda$doGetBean$0(AbstractBeanFactory.java:323) ~[spring-beans-5.2.7.RELEASE.jar!/:5.2.7.RELEASE]
	at org.springframework.beans.factory.support.DefaultSingletonBeanRegistry.getSingleton(DefaultSingletonBeanRegistry.java:226) ~[spring-beans-5.2.7.RELEASE.jar!/:5.2.7.RELEASE]
	at org.springframework.beans.factory.support.AbstractBeanFactory.doGetBean(AbstractBeanFactory.java:321) ~[spring-beans-5.2.7.RELEASE.jar!/:5.2.7.RELEASE]
	at org.springframework.beans.factory.support.AbstractBeanFactory.getBean(AbstractBeanFactory.java:202) ~[spring-beans-5.2.7.RELEASE.jar!/:5.2.7.RELEASE]
	at org.springframework.beans.factory.support.DefaultListableBeanFactory.preInstantiateSingletons(DefaultListableBeanFactory.java:893) ~[spring-beans-5.2.7.RELEASE.jar!/:5.2.7.RELEASE]
	at org.springframework.context.support.AbstractApplicationContext.finishBeanFactoryInitialization(AbstractApplicationContext.java:879) ~[spring-context-5.2.7.RELEASE.jar!/:5.2.7.RELEASE]
	at org.springframework.context.support.AbstractApplicationContext.refresh(AbstractApplicationContext.java:551) ~[spring-context-5.2.7.RELEASE.jar!/:5.2.7.RELEASE]
	at org.springframework.boot.SpringApplication.refresh(SpringApplication.java:758) ~[spring-boot-2.3.1.RELEASE.jar!/:2.3.1.RELEASE]
	at org.springframework.boot.SpringApplication.refresh(SpringApplication.java:750) [spring-boot-2.3.1.RELEASE.jar!/:2.3.1.RELEASE]
	at org.springframework.boot.SpringApplication.refreshContext(SpringApplication.java:397) [spring-boot-2.3.1.RELEASE.jar!/:2.3.1.RELEASE]
	at org.springframework.boot.SpringApplication.run(SpringApplication.java:315) [spring-boot-2.3.1.RELEASE.jar!/:2.3.1.RELEASE]
	at org.springframework.boot.builder.SpringApplicationBuilder.run(SpringApplicationBuilder.java:140) [spring-boot-2.3.1.RELEASE.jar!/:2.3.1.RELEASE]
	at zipkin.server.ZipkinServer.main(ZipkinServer.java:54) [classes!/:?]
	at jdk.internal.reflect.NativeMethodAccessorImpl.invoke0(Native Method) ~[?:?]
	at jdk.internal.reflect.NativeMethodAccessorImpl.invoke(NativeMethodAccessorImpl.java:62) ~[?:?]
	at jdk.internal.reflect.DelegatingMethodAccessorImpl.invoke(DelegatingMethodAccessorImpl.java:43) ~[?:?]
	at java.lang.reflect.Method.invoke(Method.java:566) ~[?:?]
	at org.springframework.boot.loader.MainMethodRunner.run(MainMethodRunner.java:49) [zipkin-server-2.21.5-exec.jar:?]
	at org.springframework.boot.loader.Launcher.launch(Launcher.java:109) [zipkin-server-2.21.5-exec.jar:?]
	at org.springframework.boot.loader.Launcher.launch(Launcher.java:58) [zipkin-server-2.21.5-exec.jar:?]
	at org.springframework.boot.loader.JarLauncher.main(JarLauncher.java:88) [zipkin-server-2.21.5-exec.jar:?]
Caused by: org.springframework.beans.BeanInstantiationException: Failed to instantiate [com.linecorp.armeria.server.Server]: Factory method 'armeriaServer' threw exception; nested exception is java.util.concurrent.CompletionException: java.lang.IllegalStateException: Armeria server failed to start
	at org.springframework.beans.factory.support.SimpleInstantiationStrategy.instantiate(SimpleInstantiationStrategy.java:185) ~[spring-beans-5.2.7.RELEASE.jar!/:5.2.7.RELEASE]
	at org.springframework.beans.factory.support.ConstructorResolver.instantiate(ConstructorResolver.java:650) ~[spring-beans-5.2.7.RELEASE.jar!/:5.2.7.RELEASE]
	... 26 more
Caused by: java.util.concurrent.CompletionException: java.lang.IllegalStateException: Armeria server failed to start
	at java.util.concurrent.CompletableFuture.encodeThrowable(CompletableFuture.java:314) ~[?:?]
	at java.util.concurrent.CompletableFuture.completeThrowable(CompletableFuture.java:319) ~[?:?]
	at java.util.concurrent.CompletableFuture.uniHandle(CompletableFuture.java:932) ~[?:?]
	at java.util.concurrent.CompletableFuture$UniHandle.tryFire(CompletableFuture.java:907) ~[?:?]
	at java.util.concurrent.CompletableFuture.postComplete(CompletableFuture.java:506) ~[?:?]
	at java.util.concurrent.CompletableFuture.completeExceptionally(CompletableFuture.java:2088) ~[?:?]
	at com.linecorp.armeria.common.util.UnmodifiableFuture.doCompleteExceptionally(UnmodifiableFuture.java:129) ~[armeria-0.99.8.jar!/:?]
	at com.linecorp.armeria.common.util.UnmodifiableFuture.lambda$wrap$0(UnmodifiableFuture.java:97) ~[armeria-0.99.8.jar!/:?]
	at java.util.concurrent.CompletableFuture.uniHandle(CompletableFuture.java:930) ~[?:?]
	at java.util.concurrent.CompletableFuture$UniHandle.tryFire(CompletableFuture.java:907) ~[?:?]
	at java.util.concurrent.CompletableFuture.postComplete(CompletableFuture.java:506) ~[?:?]
	at java.util.concurrent.CompletableFuture.complete(CompletableFuture.java:2073) ~[?:?]
	at com.linecorp.armeria.common.util.UnmodifiableFuture.doComplete(UnmodifiableFuture.java:117) ~[armeria-0.99.8.jar!/:?]
	at com.linecorp.armeria.common.util.UnmodifiableFuture.lambda$wrap$0(UnmodifiableFuture.java:99) ~[armeria-0.99.8.jar!/:?]
	at java.util.concurrent.CompletableFuture.uniHandle(CompletableFuture.java:930) ~[?:?]
	at java.util.concurrent.CompletableFuture$UniHandle.tryFire(CompletableFuture.java:907) ~[?:?]
	at java.util.concurrent.CompletableFuture.postComplete(CompletableFuture.java:506) ~[?:?]
	at java.util.concurrent.CompletableFuture.postFire(CompletableFuture.java:610) ~[?:?]
	at java.util.concurrent.CompletableFuture$UniWhenComplete.tryFire(CompletableFuture.java:840) ~[?:?]
	at java.util.concurrent.CompletableFuture$Completion.run(CompletableFuture.java:478) ~[?:?]
	at io.netty.util.concurrent.GlobalEventExecutor$TaskRunner.run(GlobalEventExecutor.java:243) ~[netty-common-4.1.50.Final.jar!/:4.1.50.Final]
	at io.netty.util.internal.ThreadExecutorMap$2.run(ThreadExecutorMap.java:74) ~[netty-common-4.1.50.Final.jar!/:4.1.50.Final]
	at io.netty.util.concurrent.FastThreadLocalRunnable.run(FastThreadLocalRunnable.java:30) ~[netty-common-4.1.50.Final.jar!/:4.1.50.Final]
	at java.lang.Thread.run(Thread.java:834) ~[?:?]
Caused by: java.lang.IllegalStateException: Armeria server failed to start
	at com.linecorp.armeria.spring.ArmeriaAutoConfiguration.lambda$armeriaServer$6(ArmeriaAutoConfiguration.java:161) ~[armeria-spring-boot2-autoconfigure-0.99.8.jar!/:?]
	at java.util.concurrent.CompletableFuture.uniHandle(CompletableFuture.java:930) ~[?:?]
	at java.util.concurrent.CompletableFuture$UniHandle.tryFire(CompletableFuture.java:907) ~[?:?]
	at java.util.concurrent.CompletableFuture.postComplete(CompletableFuture.java:506) ~[?:?]
	at java.util.concurrent.CompletableFuture.completeExceptionally(CompletableFuture.java:2088) ~[?:?]
	at com.linecorp.armeria.common.util.UnmodifiableFuture.doCompleteExceptionally(UnmodifiableFuture.java:129) ~[armeria-0.99.8.jar!/:?]
	at com.linecorp.armeria.common.util.UnmodifiableFuture.lambda$wrap$0(UnmodifiableFuture.java:97) ~[armeria-0.99.8.jar!/:?]
	at java.util.concurrent.CompletableFuture.uniHandle(CompletableFuture.java:930) ~[?:?]
	at java.util.concurrent.CompletableFuture$UniHandle.tryFire(CompletableFuture.java:907) ~[?:?]
	at java.util.concurrent.CompletableFuture.postComplete(CompletableFuture.java:506) ~[?:?]
	at java.util.concurrent.CompletableFuture.complete(CompletableFuture.java:2073) ~[?:?]
	at com.linecorp.armeria.common.util.UnmodifiableFuture.doComplete(UnmodifiableFuture.java:117) ~[armeria-0.99.8.jar!/:?]
	at com.linecorp.armeria.common.util.UnmodifiableFuture.lambda$wrap$0(UnmodifiableFuture.java:99) ~[armeria-0.99.8.jar!/:?]
	at java.util.concurrent.CompletableFuture.uniHandle(CompletableFuture.java:930) ~[?:?]
	at java.util.concurrent.CompletableFuture$UniHandle.tryFire(CompletableFuture.java:907) ~[?:?]
	at java.util.concurrent.CompletableFuture.postComplete(CompletableFuture.java:506) ~[?:?]
	at java.util.concurrent.CompletableFuture.postFire(CompletableFuture.java:610) ~[?:?]
	at java.util.concurrent.CompletableFuture$UniWhenComplete.tryFire(CompletableFuture.java:840) ~[?:?]
	at java.util.concurrent.CompletableFuture$Completion.run(CompletableFuture.java:478) ~[?:?]
	at io.netty.util.concurrent.GlobalEventExecutor$TaskRunner.run(GlobalEventExecutor.java:243) ~[netty-common-4.1.50.Final.jar!/:4.1.50.Final]
	at io.netty.util.internal.ThreadExecutorMap$2.run(ThreadExecutorMap.java:74) ~[netty-common-4.1.50.Final.jar!/:4.1.50.Final]
	at io.netty.util.concurrent.FastThreadLocalRunnable.run(FastThreadLocalRunnable.java:30) ~[netty-common-4.1.50.Final.jar!/:4.1.50.Final]
	at java.lang.Thread.run(Thread.java:834) ~[?:?]
Caused by: io.netty.channel.unix.Errors$NativeIoException: bind(..) failed: Address already in use


                  oo
                 oooo
                oooooo
               oooooooo
              oooooooooo
             oooooooooooo
           ooooooo  ooooooo
          oooooo     ooooooo
         oooooo       ooooooo
        oooooo   o  o   oooooo
       oooooo   oo  oo   oooooo
     ooooooo  oooo  oooo  ooooooo
    oooooo   ooooo  ooooo  ooooooo
   oooooo   oooooo  oooooo  ooooooo
  oooooooo      oo  oo      oooooooo
  ooooooooooooo oo  oo ooooooooooooo
      oooooooooooo  oooooooooooo
          oooooooo  oooooooo
              oooo  oooo

     ________ ____  _  _____ _   _
    |__  /_ _|  _ \| |/ /_ _| \ | |
      / / | || |_) | ' / | ||  \| |
     / /_ | ||  __/| . \ | || |\  |
    |____|___|_|   |_|\_\___|_| \_|

:: version 2.21.5 :: commit 7f4f274 ::

2020-07-25 21:41:56.731  INFO 101802 --- [           main] z.s.ZipkinServer                         : Starting ZipkinServer on vostro-popos with PID 101802 (/home/drugo/Projects/distributed-tracing-demo/zipkin/zipkin-server-2.21.5-exec.jar started by drugo in /home/drugo/Projects/distributed-tracing-demo/scripts)
2020-07-25 21:41:56.741  INFO 101802 --- [           main] z.s.ZipkinServer                         : The following profiles are active: shared
2020-07-25 21:42:00.591  INFO 101802 --- [           main] c.l.a.c.u.SystemInfo                     : hostname: vostro-popos (from /proc/sys/kernel/hostname)
2020-07-25 21:42:01.985  INFO 101802 --- [oss-http-*:9411] c.l.a.s.Server                           : Serving HTTP at /0:0:0:0:0:0:0:0%0:9411 - http://127.0.0.1:9411/
2020-07-25 21:42:01.990  INFO 101802 --- [           main] c.l.a.s.ArmeriaAutoConfiguration         : Armeria server started at ports: {/0:0:0:0:0:0:0:0%0:9411=ServerPort(/0:0:0:0:0:0:0:0%0:9411, [http])}
2020-07-25 21:42:02.095  INFO 101802 --- [           main] z.s.ZipkinServer                         : Started ZipkinServer in 9.673 seconds (JVM running for 12.116)
2020-07-25 21:42:05.233  INFO 101802 --- [orker-epoll-2-2] c.l.a.i.c.JavaVersionSpecific            : Using the APIs optimized for: Java 9+

                  oo
                 oooo
                oooooo
               oooooooo
              oooooooooo
             oooooooooooo
           ooooooo  ooooooo
          oooooo     ooooooo
         oooooo       ooooooo
        oooooo   o  o   oooooo
       oooooo   oo  oo   oooooo
     ooooooo  oooo  oooo  ooooooo
    oooooo   ooooo  ooooo  ooooooo
   oooooo   oooooo  oooooo  ooooooo
  oooooooo      oo  oo      oooooooo
  ooooooooooooo oo  oo ooooooooooooo
      oooooooooooo  oooooooooooo
          oooooooo  oooooooo
              oooo  oooo

     ________ ____  _  _____ _   _
    |__  /_ _|  _ \| |/ /_ _| \ | |
      / / | || |_) | ' / | ||  \| |
     / /_ | ||  __/| . \ | || |\  |
    |____|___|_|   |_|\_\___|_| \_|

:: version 2.21.5 :: commit 7f4f274 ::

2020-07-25 21:45:47.366  INFO 102543 --- [           main] z.s.ZipkinServer                         : Starting ZipkinServer on vostro-popos with PID 102543 (/home/drugo/Projects/distributed-tracing-demo/zipkin/zipkin-server-2.21.5-exec.jar started by drugo in /home/drugo/Projects/distributed-tracing-demo/scripts)
2020-07-25 21:45:47.368  INFO 102543 --- [           main] z.s.ZipkinServer                         : The following profiles are active: shared
2020-07-25 21:45:48.308  INFO 102543 --- [           main] c.l.a.c.u.SystemInfo                     : hostname: vostro-popos (from /proc/sys/kernel/hostname)
2020-07-25 21:45:48.684  INFO 102543 --- [oss-http-*:9411] c.l.a.s.Server                           : Serving HTTP at /0:0:0:0:0:0:0:0%0:9411 - http://127.0.0.1:9411/
2020-07-25 21:45:48.686  INFO 102543 --- [           main] c.l.a.s.ArmeriaAutoConfiguration         : Armeria server started at ports: {/0:0:0:0:0:0:0:0%0:9411=ServerPort(/0:0:0:0:0:0:0:0%0:9411, [http])}
2020-07-25 21:45:48.744  INFO 102543 --- [           main] z.s.ZipkinServer                         : Started ZipkinServer in 2.174 seconds (JVM running for 3.048)
2020-07-25 21:45:57.967  INFO 102543 --- [orker-epoll-2-1] c.l.a.i.c.JavaVersionSpecific            : Using the APIs optimized for: Java 9+

                  oo
                 oooo
                oooooo
               oooooooo
              oooooooooo
             oooooooooooo
           ooooooo  ooooooo
          oooooo     ooooooo
         oooooo       ooooooo
        oooooo   o  o   oooooo
       oooooo   oo  oo   oooooo
     ooooooo  oooo  oooo  ooooooo
    oooooo   ooooo  ooooo  ooooooo
   oooooo   oooooo  oooooo  ooooooo
  oooooooo      oo  oo      oooooooo
  ooooooooooooo oo  oo ooooooooooooo
      oooooooooooo  oooooooooooo
          oooooooo  oooooooo
              oooo  oooo

     ________ ____  _  _____ _   _
    |__  /_ _|  _ \| |/ /_ _| \ | |
      / / | || |_) | ' / | ||  \| |
     / /_ | ||  __/| . \ | || |\  |
    |____|___|_|   |_|\_\___|_| \_|

:: version 2.21.5 :: commit 7f4f274 ::

2020-07-25 23:56:10.661  INFO 115327 --- [           main] z.s.ZipkinServer                         : Starting ZipkinServer on vostro-popos with PID 115327 (/home/drugo/Projects/distributed-tracing-demo/zipkin/zipkin-server-2.21.5-exec.jar started by drugo in /home/drugo/Projects/distributed-tracing-demo/scripts)
2020-07-25 23:56:10.692  INFO 115327 --- [           main] z.s.ZipkinServer                         : The following profiles are active: shared
2020-07-25 23:56:14.925  INFO 115327 --- [           main] c.l.a.c.u.SystemInfo                     : hostname: vostro-popos (from /proc/sys/kernel/hostname)
2020-07-25 23:56:15.811  INFO 115327 --- [oss-http-*:9411] c.l.a.s.Server                           : Serving HTTP at /0:0:0:0:0:0:0:0%0:9411 - http://127.0.0.1:9411/
2020-07-25 23:56:15.816  INFO 115327 --- [           main] c.l.a.s.ArmeriaAutoConfiguration         : Armeria server started at ports: {/0:0:0:0:0:0:0:0%0:9411=ServerPort(/0:0:0:0:0:0:0:0%0:9411, [http])}
2020-07-25 23:56:15.867  INFO 115327 --- [           main] z.s.ZipkinServer                         : Started ZipkinServer in 9.062 seconds (JVM running for 11.396)
2020-07-25 23:56:17.852  INFO 115327 --- [orker-epoll-2-1] c.l.a.i.c.JavaVersionSpecific            : Using the APIs optimized for: Java 9+
